<?xml version="1.0" encoding="UTF-8"?>
<!-- Generated by org.testng.reporters.JUnitXMLReporter -->
<testsuite ignored="3" hostname="LAPTOP-C66MPFJL" failures="0" tests="1" name="Default test" time="16.359" errors="0" timestamp="2022-03-13T08:59:05 IST">
  <testcase classname="testcases.LoginTest" name="LoginFailiureTest" time="10.56"/>
  <testcase classname="testcases.LoginTest" name="LoginSuccessTest" time="0.0">
    <ignored/>
  </testcase> <!-- LoginSuccessTest -->
  <testcase classname="testcases.LoginTest" name="ParameterizedTest" time="0.0">
    <ignored/>
  </testcase> <!-- ParameterizedTest -->
  <testcase classname="testcases.LoginTest" name="ExternalDataTest" time="0.0">
    <ignored/>
  </testcase> <!-- ExternalDataTest -->
</testsuite> <!-- Default test -->
