<?xml version="1.0" encoding="UTF-8"?>
<!-- Generated by org.testng.reporters.JUnitXMLReporter -->
<testsuite ignored="0" hostname="LAPTOP-C66MPFJL" failures="0" tests="4" name="Test" time="46.932" errors="0" timestamp="2022-03-13T09:31:29 IST">
  <testcase classname="testcases.LoginTest" name="ExternalDataTest" time="8.365"/>
  <testcase classname="testcases.LoginTest" name="LoginFailiureTest" time="9.63"/>
  <testcase classname="testcases.LoginTest" name="LoginSuccessTest" time="6.746"/>
  <testcase classname="testcases.LoginTest" name="ParameterizedTest" time="7.158"/>
</testsuite> <!-- Test -->
