<?xml version="1.0" encoding="UTF-8"?>
<!-- Generated by org.testng.reporters.JUnitXMLReporter -->
<testsuite ignored="0" hostname="LAPTOP-C66MPFJL" failures="0" tests="4" name="Test" time="49.037" errors="0" timestamp="2022-03-19T09:40:56 IST">
  <testcase classname="testcases.LoginTest" name="ExternalDataTest" time="7.33"/>
  <testcase classname="testcases.LoginTest" name="LoginFailiureTest" time="8.044"/>
  <testcase classname="testcases.LoginTest" name="LoginSuccessTest" time="7.194"/>
  <testcase classname="testcases.LoginTest" name="ParameterizedTest" time="7.368"/>
</testsuite> <!-- Test -->
