<?xml version="1.0" encoding="UTF-8"?>
<testng-results ignored="0" total="4" passed="4" failed="0" skipped="0">
  <reporter-output>
  </reporter-output>
  <suite started-at="2022-03-13T09:30:42 IST" name="Suite" finished-at="2022-03-13T09:31:29 IST" duration-ms="46932">
    <groups>
    </groups>
    <test started-at="2022-03-13T09:30:42 IST" name="Test" finished-at="2022-03-13T09:31:29 IST" duration-ms="46932">
      <class name="testcases.LoginTest">
        <test-method is-config="true" signature="DataSetUP()[pri:0, instance:testcases.LoginTest@169e6180]" started-at="2022-03-13T09:30:42 IST" name="DataSetUP" finished-at="2022-03-13T09:30:43 IST" duration-ms="608" status="PASS">
          <reporter-output>
          </reporter-output>
        </test-method> <!-- DataSetUP -->
        <test-method is-config="true" signature="SetUp(java.lang.reflect.Method)[pri:0, instance:testcases.LoginTest@169e6180]" started-at="2022-03-13T09:30:43 IST" name="SetUp" finished-at="2022-03-13T09:30:46 IST" duration-ms="3201" status="PASS">
          <params>
            <param index="0">
              <value>
                <![CDATA[public void testcases.LoginTest.ExternalDataTest()]]>
              </value>
            </param>
          </params>
          <reporter-output>
          </reporter-output>
        </test-method> <!-- SetUp -->
        <test-method signature="ExternalDataTest()[pri:0, instance:testcases.LoginTest@169e6180]" started-at="2022-03-13T09:30:46 IST" name="ExternalDataTest" finished-at="2022-03-13T09:30:54 IST" duration-ms="8365" status="PASS">
          <reporter-output>
          </reporter-output>
        </test-method> <!-- ExternalDataTest -->
        <test-method is-config="true" signature="TearDown()[pri:0, instance:testcases.LoginTest@169e6180]" started-at="2022-03-13T09:30:54 IST" name="TearDown" finished-at="2022-03-13T09:30:55 IST" duration-ms="656" status="PASS">
          <reporter-output>
          </reporter-output>
        </test-method> <!-- TearDown -->
        <test-method is-config="true" signature="SetUp(java.lang.reflect.Method)[pri:0, instance:testcases.LoginTest@169e6180]" started-at="2022-03-13T09:30:55 IST" name="SetUp" finished-at="2022-03-13T09:30:58 IST" duration-ms="2577" status="PASS">
          <params>
            <param index="0">
              <value>
                <![CDATA[public void testcases.LoginTest.LoginFailiureTest()]]>
              </value>
            </param>
          </params>
          <reporter-output>
          </reporter-output>
        </test-method> <!-- SetUp -->
        <test-method signature="LoginFailiureTest()[pri:0, instance:testcases.LoginTest@169e6180]" started-at="2022-03-13T09:30:58 IST" name="LoginFailiureTest" finished-at="2022-03-13T09:31:07 IST" duration-ms="9630" status="PASS">
          <reporter-output>
          </reporter-output>
        </test-method> <!-- LoginFailiureTest -->
        <test-method is-config="true" signature="TearDown()[pri:0, instance:testcases.LoginTest@169e6180]" started-at="2022-03-13T09:31:07 IST" name="TearDown" finished-at="2022-03-13T09:31:08 IST" duration-ms="674" status="PASS">
          <reporter-output>
          </reporter-output>
        </test-method> <!-- TearDown -->
        <test-method is-config="true" signature="SetUp(java.lang.reflect.Method)[pri:0, instance:testcases.LoginTest@169e6180]" started-at="2022-03-13T09:31:08 IST" name="SetUp" finished-at="2022-03-13T09:31:10 IST" duration-ms="2588" status="PASS">
          <params>
            <param index="0">
              <value>
                <![CDATA[public void testcases.LoginTest.LoginSuccessTest()]]>
              </value>
            </param>
          </params>
          <reporter-output>
          </reporter-output>
        </test-method> <!-- SetUp -->
        <test-method signature="LoginSuccessTest()[pri:0, instance:testcases.LoginTest@169e6180]" started-at="2022-03-13T09:31:10 IST" name="LoginSuccessTest" finished-at="2022-03-13T09:31:17 IST" duration-ms="6746" status="PASS">
          <reporter-output>
          </reporter-output>
        </test-method> <!-- LoginSuccessTest -->
        <test-method is-config="true" signature="TearDown()[pri:0, instance:testcases.LoginTest@169e6180]" started-at="2022-03-13T09:31:17 IST" name="TearDown" finished-at="2022-03-13T09:31:18 IST" duration-ms="677" status="PASS">
          <reporter-output>
          </reporter-output>
        </test-method> <!-- TearDown -->
        <test-method is-config="true" signature="SetUp(java.lang.reflect.Method)[pri:0, instance:testcases.LoginTest@169e6180]" started-at="2022-03-13T09:31:18 IST" name="SetUp" finished-at="2022-03-13T09:31:21 IST" duration-ms="3123" status="PASS">
          <params>
            <param index="0">
              <value>
                <![CDATA[public void testcases.LoginTest.ParameterizedTest(java.lang.String,java.lang.String)]]>
              </value>
            </param>
          </params>
          <reporter-output>
          </reporter-output>
        </test-method> <!-- SetUp -->
        <test-method signature="ParameterizedTest(java.lang.String,java.lang.String)[pri:0, instance:testcases.LoginTest@169e6180]" started-at="2022-03-13T09:31:21 IST" name="ParameterizedTest" finished-at="2022-03-13T09:31:28 IST" duration-ms="7158" status="PASS">
          <params>
            <param index="0">
              <value>
                <![CDATA[xyz@abc.com]]>
              </value>
            </param>
            <param index="1">
              <value>
                <![CDATA[Abc@12345]]>
              </value>
            </param>
          </params>
          <reporter-output>
          </reporter-output>
        </test-method> <!-- ParameterizedTest -->
        <test-method is-config="true" signature="TearDown()[pri:0, instance:testcases.LoginTest@169e6180]" started-at="2022-03-13T09:31:28 IST" name="TearDown" finished-at="2022-03-13T09:31:29 IST" duration-ms="679" status="PASS">
          <reporter-output>
          </reporter-output>
        </test-method> <!-- TearDown -->
        <test-method is-config="true" signature="DataTearDown()[pri:0, instance:testcases.LoginTest@169e6180]" started-at="2022-03-13T09:31:29 IST" name="DataTearDown" finished-at="2022-03-13T09:31:29 IST" duration-ms="217" status="PASS">
          <reporter-output>
          </reporter-output>
        </test-method> <!-- DataTearDown -->
      </class> <!-- testcases.LoginTest -->
    </test> <!-- Test -->
  </suite> <!-- Suite -->
</testng-results>
